<?xml version="1.0" encoding="UTF-8"?>
<!-- Generated by org.testng.reporters.JUnitReportReporter -->
<testsuite skipped="0" hostname="VTL300113" name="Test2" tests="1" failures="0" timestamp="2020-04-22T23:03:06 MST" time="18.294" errors="0">
  <testcase name="Test2" time="18.294" classname="Test2"/>
  <system-out/>
</testsuite> <!-- Test2 -->
