<?xml version="1.0" encoding="UTF-8"?>
<!-- Generated by org.testng.reporters.JUnitReportReporter -->
<testsuite skipped="0" hostname="VTL300113" name="Test1" tests="1" failures="0" timestamp="2020-04-22T23:03:06 MST" time="10.876" errors="0">
  <testcase name="Test1" time="10.876" classname="Test1"/>
  <system-out/>
</testsuite> <!-- Test1 -->
