<?xml version="1.0" encoding="UTF-8"?>
<!-- Generated by org.testng.reporters.JUnitReportReporter -->
<testsuite skipped="0" hostname="VTL300113" name="Test5" tests="1" failures="0" timestamp="2020-04-20T22:23:45 MST" time="6.810" errors="0">
  <testcase name="Test5" time="6.810" classname="Test5"/>
  <system-out/>
</testsuite> <!-- Test5 -->
