<?xml version="1.0" encoding="UTF-8"?>
<!-- Generated by org.testng.reporters.JUnitReportReporter -->
<testsuite skipped="0" hostname="VTL300113" name="Test3" tests="1" failures="0" timestamp="2020-04-22T23:03:06 MST" time="13.801" errors="0">
  <testcase name="Test3" time="13.801" classname="Test3"/>
  <system-out/>
</testsuite> <!-- Test3 -->
