<?xml version="1.0" encoding="UTF-8"?>
<!-- Generated by org.testng.reporters.JUnitReportReporter -->
<testsuite skipped="0" hostname="VTL300113" name="Test3" tests="1" failures="0" timestamp="2020-04-23T20:25:35 MST" time="6.088" errors="0">
  <testcase name="Test3" time="6.088" classname="Test3"/>
  <system-out/>
</testsuite> <!-- Test3 -->
